<?xml version="1.0" encoding="UTF-8"?>
<testsuite name="HitterBatsmanTest" tests="4" skipped="0" failures="0" errors="0" timestamp="2021-09-22T04:59:08" hostname="MOHITs-MacBook-Pro.local" time="0.015">
  <properties/>
  <testcase name="hitterBatsmanShouldNotScoreLessThan0()" classname="HitterBatsmanTest" time="0.012"/>
  <testcase name="hitterBatsmanShouldNotScoreGreaterThan6()" classname="HitterBatsmanTest" time="0.0"/>
  <testcase name="hitterBatsmanShouldScore0Or4Or6()" classname="HitterBatsmanTest" time="0.0"/>
  <testcase name="hitterBatsmanShouldNotScore1Or2Or3Or5()" classname="HitterBatsmanTest" time="0.0"/>
  <system-out><![CDATA[]]></system-out>
  <system-err><![CDATA[]]></system-err>
</testsuite>
