<?xml version="1.0" encoding="UTF-8"?>
<testsuite name="MatchTest" tests="3" skipped="0" failures="0" errors="0" timestamp="2021-09-22T04:59:08" hostname="MOHITs-MacBook-Pro.local" time="0.037">
  <properties/>
  <testcase name="shouldReturnFalseWhenTargetIsNotChasedAndBatsmanIsNotOut()" classname="MatchTest" time="0.025"/>
  <testcase name="shouldReturnTrueWhenTargetIsChased()" classname="MatchTest" time="0.011"/>
  <testcase name="shouldReturnFalseWhenBatsmanIsOutAndTargetNotAchieved()" classname="MatchTest" time="0.001"/>
  <system-out><![CDATA[]]></system-out>
  <system-err><![CDATA[]]></system-err>
</testsuite>
