<?xml version="1.0" encoding="UTF-8"?>
<testsuite name="BatsmanTest" tests="2" skipped="0" failures="0" errors="0" timestamp="2021-09-21T11:03:45" hostname="MOHITs-MacBook-Pro.local" time="0.018">
  <properties/>
  <testcase name="scoreShouldBe0Or4Or6ForAHitman()" classname="BatsmanTest" time="0.017"/>
  <testcase name="scoreShouldBeBetween0And6ForANormalBatsman()" classname="BatsmanTest" time="0.001"/>
  <system-out><![CDATA[]]></system-out>
  <system-err><![CDATA[]]></system-err>
</testsuite>
